<?xml version="1.0" encoding="UTF-8"?>
<!-- Generated by org.testng.reporters.JUnitReportReporter -->
<testsuite hostname="DESKTOP-KSFKQJI" name="TestCategeories.TestDragAndDropWithMovements" tests="1" failures="0" timestamp="7 Dec 2018 18:10:35 GMT" time="11.864" errors="0">
  <testcase name="Dropped" time="11.864" classname="TestCategeories.TestDragAndDropWithMovements"/>
</testsuite> <!-- TestCategeories.TestDragAndDropWithMovements -->
