<?xml version="1.0" encoding="UTF-8"?>
<!-- Generated by org.testng.reporters.JUnitReportReporter -->
<testsuite hostname="DESKTOP-KSFKQJI" name="TestCategeories.TestNavigatePage" tests="1" failures="0" timestamp="9 Dec 2018 14:29:02 GMT" time="25.963" errors="0">
  <testcase name="NavigatePage" time="25.963" classname="TestCategeories.TestNavigatePage"/>
</testsuite> <!-- TestCategeories.TestNavigatePage -->
