<?xml version="1.0" encoding="UTF-8"?>
<!-- Generated by org.testng.reporters.JUnitReportReporter -->
<testsuite hostname="DESKTOP-KSFKQJI" name="TestCategeories.JqueryUIHomeTest" tests="1" failures="0" timestamp="7 Dec 2018 18:09:38 GMT" time="12.251" errors="0">
  <testcase name="ClickDroppableLink" time="12.251" classname="TestCategeories.JqueryUIHomeTest"/>
</testsuite> <!-- TestCategeories.JqueryUIHomeTest -->
